<?xml version="1.0" encoding="UTF-8"?>
<!-- Generated by org.testng.reporters.JUnitXMLReporter -->
<testsuite ignored="0" hostname="DESKTOP-1H1R9GO" failures="0" tests="1" name="Test-Runner-1" time="297.4" errors="0" timestamp="2022-09-03T15:27:26 IST">
  <testcase classname="vtiger.ContactsTests.createContactWithOrgtestng" name="createContactWithOrgTest" time="136.602"/>
</testsuite> <!-- Test-Runner-1 -->
