<?xml version="1.0" encoding="UTF-8"?>
<!-- Generated by org.testng.reporters.JUnitXMLReporter -->
<testsuite ignored="0" hostname="DESKTOP-1H1R9GO" failures="0" tests="1" name="Test-Runner-2" time="277.254" errors="0" timestamp="2022-09-03T15:27:07 IST">
  <testcase classname="vtiger.ContactsTests.CreateContactTest" name="createContactTest" time="115.05"/>
</testsuite> <!-- Test-Runner-2 -->
