<?xml version="1.0" encoding="UTF-8"?>
<!-- Generated by org.testng.reporters.JUnitReportReporter -->
<testsuite hostname="DESKTOP-1H1R9GO" failures="0" tests="1" name="vtiger.OrganisationTest.CreateOrganisationTesting" time="69.423" errors="0" timestamp="2022-09-11T15:46:39 IST" skipped="0">
  <testcase classname="vtiger.OrganisationTest.CreateOrganisationTesting" name="createOrgnisationTesting" time="69.423"/>
  <system-out>
    <![CDATA[Organisation link clicked,true
create org look up img cliccked
New Organization created]]>
  </system-out>
</testsuite> <!-- vtiger.OrganisationTest.CreateOrganisationTesting -->
