<?xml version="1.0" encoding="UTF-8"?>
<!-- Generated by org.testng.reporters.JUnitReportReporter -->
<testsuite hostname="DESKTOP-1H1R9GO" failures="0" tests="1" name="vtiger.Practice.DataProviderPractice" time="0.000" errors="0" timestamp="2022-09-06T18:39:16 IST" skipped="1">
  <testcase classname="vtiger.Practice.DataProviderPractice" name="addProductToCartTest" time="0.000">
    <skipped/>
  </testcase> <!-- addProductToCartTest -->
  <system-out/>
</testsuite> <!-- vtiger.Practice.DataProviderPractice -->
