<?xml version="1.0" encoding="UTF-8"?>
<!-- Generated by org.testng.reporters.JUnitReportReporter -->
<testsuite hostname="DESKTOP-1H1R9GO" failures="0" tests="3" name="vtiger.Practice.TestNgPractice" time="0.017" errors="0" timestamp="2022-08-31T20:08:49 IST" skipped="1">
  <testcase classname="vtiger.Practice.TestNgPractice" name="modifyCustomerTest" time="0.002"/>
  <system-out/>
  <testcase classname="vtiger.Practice.TestNgPractice" name="createCustomerTest" time="0.015"/>
  <system-out/>
  <testcase classname="vtiger.Practice.TestNgPractice" name="deleteCustomerTest">
    <skipped/>
  </testcase> <!-- deleteCustomerTest -->
  <system-out/>
</testsuite> <!-- vtiger.Practice.TestNgPractice -->
