<?xml version="1.0" encoding="UTF-8"?>
<!-- Generated by org.testng.reporters.JUnitReportReporter -->
<testsuite hostname="DESKTOP-1H1R9GO" failures="0" tests="1" name="vtiger.ContactsTests.CreateContactTest" time="26.737" errors="0" timestamp="2022-09-15T23:04:47 IST" skipped="0">
  <testcase classname="vtiger.ContactsTests.CreateContactTest" name="createContactTest" time="26.737"/>
  <system-out>
    <![CDATA[Contacts link clicked
Create Contact Look up img created
new Contact with lastname created]]>
  </system-out>
</testsuite> <!-- vtiger.ContactsTests.CreateContactTest -->
