<?xml version="1.0" encoding="UTF-8"?>
<!-- Generated by org.testng.reporters.JUnitReportReporter -->
<testsuite hostname="DESKTOP-1H1R9GO" failures="0" tests="7" name="vtiger.ContactsTests.CreateMultipleOrganisationWithIndustryTest" time="813.017" errors="0" timestamp="2022-09-07T18:46:28 IST" skipped="0">
  <testcase classname="vtiger.ContactsTests.CreateMultipleOrganisationWithIndustryTest" name="createMultipleOrgTest" time="129.749"/>
  <system-out/>
  <testcase classname="vtiger.ContactsTests.CreateMultipleOrganisationWithIndustryTest" name="createMultipleOrgTest" time="122.742"/>
  <system-out/>
  <testcase classname="vtiger.ContactsTests.CreateMultipleOrganisationWithIndustryTest" name="createMultipleOrgTest" time="114.321"/>
  <system-out/>
  <testcase classname="vtiger.ContactsTests.CreateMultipleOrganisationWithIndustryTest" name="createMultipleOrgTest" time="81.343"/>
  <system-out/>
  <testcase classname="vtiger.ContactsTests.CreateMultipleOrganisationWithIndustryTest" name="createMultipleOrgTest" time="192.650"/>
  <system-out/>
  <testcase classname="vtiger.ContactsTests.CreateMultipleOrganisationWithIndustryTest" name="createMultipleOrgTest" time="74.269"/>
  <system-out/>
  <testcase classname="vtiger.ContactsTests.CreateMultipleOrganisationWithIndustryTest" name="createMultipleOrgTest" time="97.943"/>
  <system-out/>
</testsuite> <!-- vtiger.ContactsTests.CreateMultipleOrganisationWithIndustryTest -->
